{"/Users/smithun/Desktop/github/node-rules/index.js":{"path":"/Users/smithun/Desktop/github/node-rules/index.js","s":{"1":1,"2":1},"b":{},"f":{"1":1},"fnMap":{"1":{"name":"(anonymous_1)","line":7,"loc":{"start":{"line":7,"column":1},"end":{"line":7,"column":12}}}},"statementMap":{"1":{"start":{"line":7,"column":0},"end":{"line":11,"column":19}},"2":{"start":{"line":10,"column":4},"end":{"line":10,"column":49}}},"branchMap":{}},"/Users/smithun/Desktop/github/node-rules/lib/node-rules.js":{"path":"/Users/smithun/Desktop/github/node-rules/lib/node-rules.js","s":{"1":1,"2":1,"3":1,"4":1,"5":20,"6":20,"7":17,"8":20,"9":1,"10":20,"11":1,"12":23,"13":23,"14":1,"15":22,"16":16,"17":6,"18":6,"19":22,"20":1,"21":26,"22":46,"23":25,"24":46,"25":41,"26":26,"27":20,"28":13,"29":7,"30":1,"31":6,"32":6,"33":6,"34":6,"35":6,"36":6,"37":6,"38":6,"39":17,"40":2,"41":11,"42":9,"43":9,"44":9,"45":9,"46":9,"47":2,"48":2,"49":0,"50":4,"51":4,"52":7,"53":0,"54":0,"55":0,"56":7,"57":7,"58":17,"59":11,"60":11,"61":6,"62":6,"63":6,"64":1,"65":10,"66":1,"67":9,"68":9,"69":1,"70":2,"71":2,"72":2,"73":2,"74":2,"75":1,"76":2,"77":2,"78":2,"79":2,"80":2,"81":1,"82":2,"83":2,"84":2,"85":2,"86":2,"87":2,"88":0,"89":0,"90":0,"91":2,"92":1,"93":2,"94":2,"95":0,"96":2,"97":2,"98":2,"99":2,"100":2,"101":0,"102":0,"103":0,"104":2,"105":1},"b":{"1":[17,3],"2":[1,19],"3":[16,6],"4":[6,0],"5":[6,6],"6":[25,21],"7":[41,5],"8":[13,7],"9":[20,13],"10":[9,2],"11":[9,7,5],"12":[0,7],"13":[7,6],"14":[11,6],"15":[17,15],"16":[1,9],"17":[1,1],"18":[2,2],"19":[2,0],"20":[0,0],"21":[0,2],"22":[2,0],"23":[0,0],"24":[0,0]},"f":{"1":1,"2":20,"3":23,"4":22,"5":26,"6":46,"7":20,"8":6,"9":17,"10":2,"11":11,"12":9,"13":2,"14":0,"15":4,"16":7,"17":0,"18":7,"19":6,"20":10,"21":2,"22":2,"23":2,"24":2,"25":2,"26":2},"fnMap":{"1":{"name":"(anonymous_1)","line":1,"loc":{"start":{"line":1,"column":1},"end":{"line":1,"column":12}}},"2":{"name":"RuleEngine","line":6,"loc":{"start":{"line":6,"column":4},"end":{"line":6,"column":40}}},"3":{"name":"(anonymous_3)","line":16,"loc":{"start":{"line":16,"column":32},"end":{"line":16,"column":48}}},"4":{"name":"(anonymous_4)","line":20,"loc":{"start":{"line":20,"column":36},"end":{"line":20,"column":52}}},"5":{"name":"(anonymous_5)","line":28,"loc":{"start":{"line":28,"column":32},"end":{"line":28,"column":43}}},"6":{"name":"(anonymous_6)","line":29,"loc":{"start":{"line":29,"column":45},"end":{"line":29,"column":57}}},"7":{"name":"(anonymous_7)","line":37,"loc":{"start":{"line":37,"column":30},"end":{"line":37,"column":45}}},"8":{"name":"(anonymous_8)","line":45,"loc":{"start":{"line":45,"column":35},"end":{"line":45,"column":60}}},"9":{"name":"FnRuleLoop","line":55,"loc":{"start":{"line":55,"column":9},"end":{"line":55,"column":32}}},"10":{"name":"(anonymous_10)","line":57,"loc":{"start":{"line":57,"column":24},"end":{"line":57,"column":35}}},"11":{"name":"(anonymous_11)","line":58,"loc":{"start":{"line":58,"column":24},"end":{"line":58,"column":42}}},"12":{"name":"(anonymous_12)","line":62,"loc":{"start":{"line":62,"column":41},"end":{"line":62,"column":52}}},"13":{"name":"(anonymous_13)","line":67,"loc":{"start":{"line":67,"column":41},"end":{"line":67,"column":52}}},"14":{"name":"(anonymous_14)","line":72,"loc":{"start":{"line":72,"column":27},"end":{"line":72,"column":38}}},"15":{"name":"(anonymous_15)","line":75,"loc":{"start":{"line":75,"column":24},"end":{"line":75,"column":35}}},"16":{"name":"(anonymous_16)","line":79,"loc":{"start":{"line":79,"column":24},"end":{"line":79,"column":35}}},"17":{"name":"(anonymous_17)","line":82,"loc":{"start":{"line":82,"column":41},"end":{"line":82,"column":52}}},"18":{"name":"(anonymous_18)","line":86,"loc":{"start":{"line":86,"column":41},"end":{"line":86,"column":52}}},"19":{"name":"(anonymous_19)","line":96,"loc":{"start":{"line":96,"column":33},"end":{"line":96,"column":44}}},"20":{"name":"(anonymous_20)","line":103,"loc":{"start":{"line":103,"column":37},"end":{"line":103,"column":54}}},"21":{"name":"(anonymous_21)","line":111,"loc":{"start":{"line":111,"column":32},"end":{"line":111,"column":56}}},"22":{"name":"(anonymous_22)","line":119,"loc":{"start":{"line":119,"column":38},"end":{"line":119,"column":65}}},"23":{"name":"(anonymous_23)","line":127,"loc":{"start":{"line":127,"column":34},"end":{"line":127,"column":45}}},"24":{"name":"(anonymous_24)","line":130,"loc":{"start":{"line":130,"column":30},"end":{"line":130,"column":45}}},"25":{"name":"(anonymous_25)","line":141,"loc":{"start":{"line":141,"column":36},"end":{"line":141,"column":52}}},"26":{"name":"(anonymous_26)","line":147,"loc":{"start":{"line":147,"column":30},"end":{"line":147,"column":45}}}},"statementMap":{"1":{"start":{"line":1,"column":0},"end":{"line":159,"column":19}},"2":{"start":{"line":3,"column":4},"end":{"line":3,"column":34}},"3":{"start":{"line":4,"column":4},"end":{"line":4,"column":30}},"4":{"start":{"line":6,"column":4},"end":{"line":15,"column":5}},"5":{"start":{"line":7,"column":8},"end":{"line":7,"column":20}},"6":{"start":{"line":8,"column":8},"end":{"line":10,"column":9}},"7":{"start":{"line":9,"column":12},"end":{"line":9,"column":33}},"8":{"start":{"line":11,"column":8},"end":{"line":13,"column":9}},"9":{"start":{"line":12,"column":12},"end":{"line":12,"column":63}},"10":{"start":{"line":14,"column":8},"end":{"line":14,"column":20}},"11":{"start":{"line":16,"column":4},"end":{"line":19,"column":6}},"12":{"start":{"line":17,"column":8},"end":{"line":17,"column":24}},"13":{"start":{"line":18,"column":8},"end":{"line":18,"column":30}},"14":{"start":{"line":20,"column":4},"end":{"line":27,"column":6}},"15":{"start":{"line":21,"column":8},"end":{"line":25,"column":9}},"16":{"start":{"line":22,"column":12},"end":{"line":22,"column":50}},"17":{"start":{"line":23,"column":15},"end":{"line":25,"column":9}},"18":{"start":{"line":24,"column":12},"end":{"line":24,"column":35}},"19":{"start":{"line":26,"column":8},"end":{"line":26,"column":20}},"20":{"start":{"line":28,"column":4},"end":{"line":44,"column":6}},"21":{"start":{"line":29,"column":8},"end":{"line":36,"column":11}},"22":{"start":{"line":30,"column":12},"end":{"line":32,"column":13}},"23":{"start":{"line":31,"column":16},"end":{"line":31,"column":28}},"24":{"start":{"line":33,"column":12},"end":{"line":35,"column":13}},"25":{"start":{"line":34,"column":16},"end":{"line":34,"column":25}},"26":{"start":{"line":37,"column":8},"end":{"line":43,"column":11}},"27":{"start":{"line":38,"column":12},"end":{"line":42,"column":13}},"28":{"start":{"line":39,"column":16},"end":{"line":39,"column":47}},"29":{"start":{"line":41,"column":16},"end":{"line":41,"column":25}},"30":{"start":{"line":45,"column":4},"end":{"line":102,"column":6}},"31":{"start":{"line":48,"column":8},"end":{"line":48,"column":29}},"32":{"start":{"line":49,"column":8},"end":{"line":49,"column":27}},"33":{"start":{"line":50,"column":8},"end":{"line":50,"column":36}},"34":{"start":{"line":51,"column":8},"end":{"line":51,"column":40}},"35":{"start":{"line":52,"column":8},"end":{"line":52,"column":38}},"36":{"start":{"line":53,"column":8},"end":{"line":53,"column":27}},"37":{"start":{"line":54,"column":8},"end":{"line":54,"column":55}},"38":{"start":{"line":55,"column":8},"end":{"line":101,"column":14}},"39":{"start":{"line":56,"column":12},"end":{"line":91,"column":14}},"40":{"start":{"line":57,"column":37},"end":{"line":57,"column":54}},"41":{"start":{"line":59,"column":20},"end":{"line":70,"column":21}},"42":{"start":{"line":60,"column":24},"end":{"line":60,"column":65}},"43":{"start":{"line":61,"column":24},"end":{"line":61,"column":92}},"44":{"start":{"line":62,"column":24},"end":{"line":65,"column":27}},"45":{"start":{"line":63,"column":28},"end":{"line":63,"column":65}},"46":{"start":{"line":64,"column":28},"end":{"line":64,"column":69}},"47":{"start":{"line":67,"column":24},"end":{"line":69,"column":27}},"48":{"start":{"line":68,"column":28},"end":{"line":68,"column":39}},"49":{"start":{"line":73,"column":20},"end":{"line":73,"column":41}},"50":{"start":{"line":76,"column":20},"end":{"line":76,"column":36}},"51":{"start":{"line":77,"column":20},"end":{"line":77,"column":41}},"52":{"start":{"line":80,"column":20},"end":{"line":89,"column":21}},"53":{"start":{"line":81,"column":24},"end":{"line":81,"column":55}},"54":{"start":{"line":82,"column":24},"end":{"line":84,"column":27}},"55":{"start":{"line":83,"column":28},"end":{"line":83,"column":42}},"56":{"start":{"line":86,"column":24},"end":{"line":88,"column":27}},"57":{"start":{"line":87,"column":28},"end":{"line":87,"column":53}},"58":{"start":{"line":92,"column":12},"end":{"line":100,"column":13}},"59":{"start":{"line":93,"column":16},"end":{"line":93,"column":48}},"60":{"start":{"line":94,"column":16},"end":{"line":94,"column":50}},"61":{"start":{"line":96,"column":16},"end":{"line":99,"column":19}},"62":{"start":{"line":97,"column":20},"end":{"line":97,"column":50}},"63":{"start":{"line":98,"column":20},"end":{"line":98,"column":45}},"64":{"start":{"line":103,"column":4},"end":{"line":110,"column":5}},"65":{"start":{"line":104,"column":8},"end":{"line":109,"column":9}},"66":{"start":{"line":105,"column":12},"end":{"line":105,"column":30}},"67":{"start":{"line":107,"column":12},"end":{"line":107,"column":41}},"68":{"start":{"line":108,"column":12},"end":{"line":108,"column":46}},"69":{"start":{"line":111,"column":4},"end":{"line":118,"column":5}},"70":{"start":{"line":112,"column":8},"end":{"line":112,"column":70}},"71":{"start":{"line":113,"column":8},"end":{"line":113,"column":43}},"72":{"start":{"line":114,"column":8},"end":{"line":116,"column":9}},"73":{"start":{"line":115,"column":12},"end":{"line":115,"column":32}},"74":{"start":{"line":117,"column":8},"end":{"line":117,"column":20}},"75":{"start":{"line":119,"column":4},"end":{"line":126,"column":5}},"76":{"start":{"line":120,"column":8},"end":{"line":120,"column":42}},"77":{"start":{"line":121,"column":8},"end":{"line":121,"column":43}},"78":{"start":{"line":122,"column":8},"end":{"line":124,"column":9}},"79":{"start":{"line":123,"column":12},"end":{"line":123,"column":41}},"80":{"start":{"line":125,"column":8},"end":{"line":125,"column":20}},"81":{"start":{"line":127,"column":4},"end":{"line":140,"column":6}},"82":{"start":{"line":128,"column":8},"end":{"line":128,"column":31}},"83":{"start":{"line":129,"column":8},"end":{"line":138,"column":9}},"84":{"start":{"line":130,"column":12},"end":{"line":134,"column":15}},"85":{"start":{"line":131,"column":16},"end":{"line":131,"column":59}},"86":{"start":{"line":132,"column":16},"end":{"line":132,"column":63}},"87":{"start":{"line":133,"column":16},"end":{"line":133,"column":28}},"88":{"start":{"line":135,"column":15},"end":{"line":138,"column":9}},"89":{"start":{"line":136,"column":12},"end":{"line":136,"column":57}},"90":{"start":{"line":137,"column":12},"end":{"line":137,"column":61}},"91":{"start":{"line":139,"column":8},"end":{"line":139,"column":21}},"92":{"start":{"line":141,"column":4},"end":{"line":157,"column":6}},"93":{"start":{"line":142,"column":8},"end":{"line":142,"column":20}},"94":{"start":{"line":143,"column":8},"end":{"line":145,"column":9}},"95":{"start":{"line":144,"column":12},"end":{"line":144,"column":38}},"96":{"start":{"line":146,"column":8},"end":{"line":155,"column":9}},"97":{"start":{"line":147,"column":12},"end":{"line":151,"column":15}},"98":{"start":{"line":148,"column":16},"end":{"line":148,"column":66}},"99":{"start":{"line":149,"column":16},"end":{"line":149,"column":70}},"100":{"start":{"line":150,"column":16},"end":{"line":150,"column":28}},"101":{"start":{"line":152,"column":15},"end":{"line":155,"column":9}},"102":{"start":{"line":153,"column":12},"end":{"line":153,"column":64}},"103":{"start":{"line":154,"column":12},"end":{"line":154,"column":68}},"104":{"start":{"line":156,"column":8},"end":{"line":156,"column":29}},"105":{"start":{"line":158,"column":4},"end":{"line":158,"column":32}}},"branchMap":{"1":{"line":8,"type":"if","locations":[{"start":{"line":8,"column":8},"end":{"line":8,"column":8}},{"start":{"line":8,"column":8},"end":{"line":8,"column":8}}]},"2":{"line":11,"type":"if","locations":[{"start":{"line":11,"column":8},"end":{"line":11,"column":8}},{"start":{"line":11,"column":8},"end":{"line":11,"column":8}}]},"3":{"line":21,"type":"if","locations":[{"start":{"line":21,"column":8},"end":{"line":21,"column":8}},{"start":{"line":21,"column":8},"end":{"line":21,"column":8}}]},"4":{"line":23,"type":"if","locations":[{"start":{"line":23,"column":15},"end":{"line":23,"column":15}},{"start":{"line":23,"column":15},"end":{"line":23,"column":15}}]},"5":{"line":23,"type":"binary-expr","locations":[{"start":{"line":23,"column":19},"end":{"line":23,"column":33}},{"start":{"line":23,"column":37},"end":{"line":23,"column":62}}]},"6":{"line":30,"type":"if","locations":[{"start":{"line":30,"column":12},"end":{"line":30,"column":12}},{"start":{"line":30,"column":12},"end":{"line":30,"column":12}}]},"7":{"line":33,"type":"if","locations":[{"start":{"line":33,"column":12},"end":{"line":33,"column":12}},{"start":{"line":33,"column":12},"end":{"line":33,"column":12}}]},"8":{"line":38,"type":"if","locations":[{"start":{"line":38,"column":12},"end":{"line":38,"column":12}},{"start":{"line":38,"column":12},"end":{"line":38,"column":12}}]},"9":{"line":38,"type":"binary-expr","locations":[{"start":{"line":38,"column":16},"end":{"line":38,"column":26}},{"start":{"line":38,"column":30},"end":{"line":38,"column":40}}]},"10":{"line":59,"type":"if","locations":[{"start":{"line":59,"column":20},"end":{"line":59,"column":20}},{"start":{"line":59,"column":20},"end":{"line":59,"column":20}}]},"11":{"line":61,"type":"binary-expr","locations":[{"start":{"line":61,"column":47},"end":{"line":61,"column":59}},{"start":{"line":61,"column":63},"end":{"line":61,"column":77}},{"start":{"line":61,"column":81},"end":{"line":61,"column":91}}]},"12":{"line":80,"type":"if","locations":[{"start":{"line":80,"column":20},"end":{"line":80,"column":20}},{"start":{"line":80,"column":20},"end":{"line":80,"column":20}}]},"13":{"line":80,"type":"binary-expr","locations":[{"start":{"line":80,"column":24},"end":{"line":80,"column":42}},{"start":{"line":80,"column":46},"end":{"line":80,"column":78}}]},"14":{"line":92,"type":"if","locations":[{"start":{"line":92,"column":12},"end":{"line":92,"column":12}},{"start":{"line":92,"column":12},"end":{"line":92,"column":12}}]},"15":{"line":92,"type":"binary-expr","locations":[{"start":{"line":92,"column":16},"end":{"line":92,"column":33}},{"start":{"line":92,"column":37},"end":{"line":92,"column":55}}]},"16":{"line":104,"type":"if","locations":[{"start":{"line":104,"column":8},"end":{"line":104,"column":8}},{"start":{"line":104,"column":8},"end":{"line":104,"column":8}}]},"17":{"line":112,"type":"cond-expr","locations":[{"start":{"line":112,"column":57},"end":{"line":112,"column":61}},{"start":{"line":112,"column":64},"end":{"line":112,"column":69}}]},"18":{"line":112,"type":"binary-expr","locations":[{"start":{"line":112,"column":21},"end":{"line":112,"column":35}},{"start":{"line":112,"column":39},"end":{"line":112,"column":53}}]},"19":{"line":129,"type":"if","locations":[{"start":{"line":129,"column":8},"end":{"line":129,"column":8}},{"start":{"line":129,"column":8},"end":{"line":129,"column":8}}]},"20":{"line":135,"type":"if","locations":[{"start":{"line":135,"column":15},"end":{"line":135,"column":15}},{"start":{"line":135,"column":15},"end":{"line":135,"column":15}}]},"21":{"line":143,"type":"if","locations":[{"start":{"line":143,"column":8},"end":{"line":143,"column":8}},{"start":{"line":143,"column":8},"end":{"line":143,"column":8}}]},"22":{"line":146,"type":"if","locations":[{"start":{"line":146,"column":8},"end":{"line":146,"column":8}},{"start":{"line":146,"column":8},"end":{"line":146,"column":8}}]},"23":{"line":152,"type":"if","locations":[{"start":{"line":152,"column":15},"end":{"line":152,"column":15}},{"start":{"line":152,"column":15},"end":{"line":152,"column":15}}]},"24":{"line":152,"type":"binary-expr","locations":[{"start":{"line":152,"column":19},"end":{"line":152,"column":33}},{"start":{"line":152,"column":37},"end":{"line":152,"column":62}}]}}}}