{"/Users/smithun/Desktop/NodeRules/node-rules/index.js":{"path":"/Users/smithun/Desktop/NodeRules/node-rules/index.js","s":{"1":1,"2":1},"b":{},"f":{"1":1},"fnMap":{"1":{"name":"(anonymous_1)","line":7,"loc":{"start":{"line":7,"column":1},"end":{"line":7,"column":12}}}},"statementMap":{"1":{"start":{"line":7,"column":0},"end":{"line":11,"column":19}},"2":{"start":{"line":10,"column":4},"end":{"line":10,"column":49}}},"branchMap":{}},"/Users/smithun/Desktop/NodeRules/node-rules/lib/node-rules.js":{"path":"/Users/smithun/Desktop/NodeRules/node-rules/lib/node-rules.js","s":{"1":1,"2":1,"3":1,"4":1,"5":1,"6":20,"7":20,"8":17,"9":20,"10":1,"11":20,"12":1,"13":21,"14":21,"15":1,"16":21,"17":14,"18":7,"19":7,"20":21,"21":1,"22":25,"23":49,"24":29,"25":49,"26":44,"27":25,"28":24,"29":16,"30":8,"31":1,"32":9,"33":9,"34":9,"35":9,"36":9,"37":9,"38":9,"39":9,"40":9,"41":30,"42":2,"43":21,"44":13,"45":13,"46":13,"47":13,"48":13,"49":8,"50":8,"51":1,"52":7,"53":7,"54":14,"55":1,"56":1,"57":1,"58":13,"59":13,"60":30,"61":30,"62":21,"63":21,"64":9,"65":9,"66":9,"67":1,"68":44,"69":21,"70":23,"71":1,"72":11,"73":1,"74":10,"75":11,"76":10,"77":23,"78":23,"79":1,"80":2,"81":2,"82":2,"83":2,"84":2,"85":1,"86":2,"87":2,"88":2,"89":2,"90":2,"91":1},"b":{"1":[17,3],"2":[1,19],"3":[14,7],"4":[7,0],"5":[7,7],"6":[29,20],"7":[44,5],"8":[16,8],"9":[24,16],"10":[13,8],"11":[13,11,6],"12":[1,13],"13":[14,13],"14":[21,9],"15":[30,28],"16":[21,23],"17":[44,44],"18":[1,10],"19":[11,1],"20":[1,1],"21":[2,2]},"f":{"1":1,"2":20,"3":21,"4":21,"5":25,"6":49,"7":24,"8":9,"9":30,"10":2,"11":21,"12":13,"13":8,"14":1,"15":7,"16":14,"17":1,"18":13,"19":9,"20":44,"21":11,"22":23,"23":23,"24":2,"25":2},"fnMap":{"1":{"name":"(anonymous_1)","line":1,"loc":{"start":{"line":1,"column":1},"end":{"line":1,"column":12}}},"2":{"name":"RuleEngine","line":8,"loc":{"start":{"line":8,"column":4},"end":{"line":8,"column":40}}},"3":{"name":"(anonymous_3)","line":18,"loc":{"start":{"line":18,"column":32},"end":{"line":18,"column":48}}},"4":{"name":"(anonymous_4)","line":22,"loc":{"start":{"line":22,"column":36},"end":{"line":22,"column":52}}},"5":{"name":"(anonymous_5)","line":30,"loc":{"start":{"line":30,"column":32},"end":{"line":30,"column":43}}},"6":{"name":"(anonymous_6)","line":31,"loc":{"start":{"line":31,"column":45},"end":{"line":31,"column":57}}},"7":{"name":"(anonymous_7)","line":39,"loc":{"start":{"line":39,"column":30},"end":{"line":39,"column":45}}},"8":{"name":"(anonymous_8)","line":47,"loc":{"start":{"line":47,"column":35},"end":{"line":47,"column":60}}},"9":{"name":"FnRuleLoop","line":58,"loc":{"start":{"line":58,"column":9},"end":{"line":58,"column":32}}},"10":{"name":"(anonymous_10)","line":60,"loc":{"start":{"line":60,"column":24},"end":{"line":60,"column":35}}},"11":{"name":"(anonymous_11)","line":61,"loc":{"start":{"line":61,"column":24},"end":{"line":61,"column":42}}},"12":{"name":"(anonymous_12)","line":65,"loc":{"start":{"line":65,"column":44},"end":{"line":65,"column":55}}},"13":{"name":"(anonymous_13)","line":70,"loc":{"start":{"line":70,"column":44},"end":{"line":70,"column":55}}},"14":{"name":"(anonymous_14)","line":75,"loc":{"start":{"line":75,"column":27},"end":{"line":75,"column":38}}},"15":{"name":"(anonymous_15)","line":78,"loc":{"start":{"line":78,"column":24},"end":{"line":78,"column":35}}},"16":{"name":"(anonymous_16)","line":82,"loc":{"start":{"line":82,"column":24},"end":{"line":82,"column":35}}},"17":{"name":"(anonymous_17)","line":85,"loc":{"start":{"line":85,"column":44},"end":{"line":85,"column":55}}},"18":{"name":"(anonymous_18)","line":89,"loc":{"start":{"line":89,"column":44},"end":{"line":89,"column":55}}},"19":{"name":"(anonymous_19)","line":100,"loc":{"start":{"line":100,"column":36},"end":{"line":100,"column":47}}},"20":{"name":"(anonymous_20)","line":107,"loc":{"start":{"line":107,"column":36},"end":{"line":107,"column":57}}},"21":{"name":"(anonymous_21)","line":114,"loc":{"start":{"line":114,"column":37},"end":{"line":114,"column":53}}},"22":{"name":"(anonymous_22)","line":121,"loc":{"start":{"line":121,"column":37},"end":{"line":121,"column":53}}},"23":{"name":"(anonymous_23)","line":122,"loc":{"start":{"line":122,"column":47},"end":{"line":122,"column":62}}},"24":{"name":"(anonymous_24)","line":128,"loc":{"start":{"line":128,"column":32},"end":{"line":128,"column":56}}},"25":{"name":"(anonymous_25)","line":136,"loc":{"start":{"line":136,"column":38},"end":{"line":136,"column":65}}}},"statementMap":{"1":{"start":{"line":1,"column":0},"end":{"line":145,"column":19}},"2":{"start":{"line":3,"column":4},"end":{"line":3,"column":30}},"3":{"start":{"line":5,"column":4},"end":{"line":5,"column":44}},"4":{"start":{"line":6,"column":4},"end":{"line":6,"column":48}},"5":{"start":{"line":8,"column":4},"end":{"line":17,"column":5}},"6":{"start":{"line":9,"column":8},"end":{"line":9,"column":20}},"7":{"start":{"line":10,"column":8},"end":{"line":12,"column":9}},"8":{"start":{"line":11,"column":12},"end":{"line":11,"column":33}},"9":{"start":{"line":13,"column":8},"end":{"line":15,"column":9}},"10":{"start":{"line":14,"column":12},"end":{"line":14,"column":63}},"11":{"start":{"line":16,"column":8},"end":{"line":16,"column":20}},"12":{"start":{"line":18,"column":4},"end":{"line":21,"column":6}},"13":{"start":{"line":19,"column":8},"end":{"line":19,"column":24}},"14":{"start":{"line":20,"column":8},"end":{"line":20,"column":30}},"15":{"start":{"line":22,"column":4},"end":{"line":29,"column":6}},"16":{"start":{"line":23,"column":8},"end":{"line":27,"column":9}},"17":{"start":{"line":24,"column":12},"end":{"line":24,"column":50}},"18":{"start":{"line":25,"column":15},"end":{"line":27,"column":9}},"19":{"start":{"line":26,"column":12},"end":{"line":26,"column":35}},"20":{"start":{"line":28,"column":8},"end":{"line":28,"column":20}},"21":{"start":{"line":30,"column":4},"end":{"line":46,"column":6}},"22":{"start":{"line":31,"column":8},"end":{"line":38,"column":11}},"23":{"start":{"line":32,"column":12},"end":{"line":34,"column":13}},"24":{"start":{"line":33,"column":16},"end":{"line":33,"column":28}},"25":{"start":{"line":35,"column":12},"end":{"line":37,"column":13}},"26":{"start":{"line":36,"column":16},"end":{"line":36,"column":25}},"27":{"start":{"line":39,"column":8},"end":{"line":45,"column":11}},"28":{"start":{"line":40,"column":12},"end":{"line":44,"column":13}},"29":{"start":{"line":41,"column":16},"end":{"line":41,"column":47}},"30":{"start":{"line":43,"column":16},"end":{"line":43,"column":25}},"31":{"start":{"line":47,"column":4},"end":{"line":106,"column":6}},"32":{"start":{"line":50,"column":8},"end":{"line":50,"column":30}},"33":{"start":{"line":51,"column":8},"end":{"line":51,"column":29}},"34":{"start":{"line":52,"column":8},"end":{"line":52,"column":27}},"35":{"start":{"line":53,"column":8},"end":{"line":53,"column":38}},"36":{"start":{"line":54,"column":8},"end":{"line":54,"column":42}},"37":{"start":{"line":55,"column":8},"end":{"line":55,"column":38}},"38":{"start":{"line":56,"column":8},"end":{"line":56,"column":27}},"39":{"start":{"line":57,"column":8},"end":{"line":57,"column":55}},"40":{"start":{"line":58,"column":8},"end":{"line":105,"column":14}},"41":{"start":{"line":59,"column":12},"end":{"line":94,"column":14}},"42":{"start":{"line":60,"column":37},"end":{"line":60,"column":54}},"43":{"start":{"line":62,"column":20},"end":{"line":73,"column":21}},"44":{"start":{"line":63,"column":24},"end":{"line":63,"column":65}},"45":{"start":{"line":64,"column":24},"end":{"line":64,"column":92}},"46":{"start":{"line":65,"column":24},"end":{"line":68,"column":27}},"47":{"start":{"line":66,"column":28},"end":{"line":66,"column":65}},"48":{"start":{"line":67,"column":28},"end":{"line":67,"column":69}},"49":{"start":{"line":70,"column":24},"end":{"line":72,"column":27}},"50":{"start":{"line":71,"column":28},"end":{"line":71,"column":39}},"51":{"start":{"line":76,"column":20},"end":{"line":76,"column":41}},"52":{"start":{"line":79,"column":20},"end":{"line":79,"column":36}},"53":{"start":{"line":80,"column":20},"end":{"line":80,"column":41}},"54":{"start":{"line":83,"column":20},"end":{"line":92,"column":21}},"55":{"start":{"line":84,"column":24},"end":{"line":84,"column":57}},"56":{"start":{"line":85,"column":24},"end":{"line":87,"column":27}},"57":{"start":{"line":86,"column":28},"end":{"line":86,"column":42}},"58":{"start":{"line":89,"column":24},"end":{"line":91,"column":27}},"59":{"start":{"line":90,"column":28},"end":{"line":90,"column":53}},"60":{"start":{"line":95,"column":12},"end":{"line":95,"column":44}},"61":{"start":{"line":96,"column":12},"end":{"line":104,"column":13}},"62":{"start":{"line":97,"column":16},"end":{"line":97,"column":48}},"63":{"start":{"line":98,"column":16},"end":{"line":98,"column":50}},"64":{"start":{"line":100,"column":16},"end":{"line":103,"column":19}},"65":{"start":{"line":101,"column":20},"end":{"line":101,"column":50}},"66":{"start":{"line":102,"column":20},"end":{"line":102,"column":45}},"67":{"start":{"line":107,"column":4},"end":{"line":113,"column":6}},"68":{"start":{"line":108,"column":8},"end":{"line":112,"column":9}},"69":{"start":{"line":109,"column":12},"end":{"line":109,"column":41}},"70":{"start":{"line":111,"column":12},"end":{"line":111,"column":38}},"71":{"start":{"line":114,"column":4},"end":{"line":127,"column":6}},"72":{"start":{"line":115,"column":8},"end":{"line":126,"column":9}},"73":{"start":{"line":116,"column":12},"end":{"line":116,"column":30}},"74":{"start":{"line":119,"column":12},"end":{"line":119,"column":93}},"75":{"start":{"line":119,"column":46},"end":{"line":119,"column":91}},"76":{"start":{"line":121,"column":12},"end":{"line":125,"column":15}},"77":{"start":{"line":122,"column":16},"end":{"line":124,"column":19}},"78":{"start":{"line":123,"column":20},"end":{"line":123,"column":52}},"79":{"start":{"line":128,"column":4},"end":{"line":135,"column":6}},"80":{"start":{"line":129,"column":8},"end":{"line":129,"column":70}},"81":{"start":{"line":130,"column":8},"end":{"line":130,"column":43}},"82":{"start":{"line":131,"column":8},"end":{"line":133,"column":9}},"83":{"start":{"line":132,"column":12},"end":{"line":132,"column":32}},"84":{"start":{"line":134,"column":8},"end":{"line":134,"column":20}},"85":{"start":{"line":136,"column":4},"end":{"line":143,"column":6}},"86":{"start":{"line":137,"column":8},"end":{"line":137,"column":42}},"87":{"start":{"line":138,"column":8},"end":{"line":138,"column":43}},"88":{"start":{"line":139,"column":8},"end":{"line":141,"column":9}},"89":{"start":{"line":140,"column":12},"end":{"line":140,"column":41}},"90":{"start":{"line":142,"column":8},"end":{"line":142,"column":20}},"91":{"start":{"line":144,"column":4},"end":{"line":144,"column":32}}},"branchMap":{"1":{"line":10,"type":"if","locations":[{"start":{"line":10,"column":8},"end":{"line":10,"column":8}},{"start":{"line":10,"column":8},"end":{"line":10,"column":8}}]},"2":{"line":13,"type":"if","locations":[{"start":{"line":13,"column":8},"end":{"line":13,"column":8}},{"start":{"line":13,"column":8},"end":{"line":13,"column":8}}]},"3":{"line":23,"type":"if","locations":[{"start":{"line":23,"column":8},"end":{"line":23,"column":8}},{"start":{"line":23,"column":8},"end":{"line":23,"column":8}}]},"4":{"line":25,"type":"if","locations":[{"start":{"line":25,"column":15},"end":{"line":25,"column":15}},{"start":{"line":25,"column":15},"end":{"line":25,"column":15}}]},"5":{"line":25,"type":"binary-expr","locations":[{"start":{"line":25,"column":19},"end":{"line":25,"column":33}},{"start":{"line":25,"column":37},"end":{"line":25,"column":62}}]},"6":{"line":32,"type":"if","locations":[{"start":{"line":32,"column":12},"end":{"line":32,"column":12}},{"start":{"line":32,"column":12},"end":{"line":32,"column":12}}]},"7":{"line":35,"type":"if","locations":[{"start":{"line":35,"column":12},"end":{"line":35,"column":12}},{"start":{"line":35,"column":12},"end":{"line":35,"column":12}}]},"8":{"line":40,"type":"if","locations":[{"start":{"line":40,"column":12},"end":{"line":40,"column":12}},{"start":{"line":40,"column":12},"end":{"line":40,"column":12}}]},"9":{"line":40,"type":"binary-expr","locations":[{"start":{"line":40,"column":16},"end":{"line":40,"column":26}},{"start":{"line":40,"column":30},"end":{"line":40,"column":40}}]},"10":{"line":62,"type":"if","locations":[{"start":{"line":62,"column":20},"end":{"line":62,"column":20}},{"start":{"line":62,"column":20},"end":{"line":62,"column":20}}]},"11":{"line":64,"type":"binary-expr","locations":[{"start":{"line":64,"column":47},"end":{"line":64,"column":59}},{"start":{"line":64,"column":63},"end":{"line":64,"column":77}},{"start":{"line":64,"column":81},"end":{"line":64,"column":91}}]},"12":{"line":83,"type":"if","locations":[{"start":{"line":83,"column":20},"end":{"line":83,"column":20}},{"start":{"line":83,"column":20},"end":{"line":83,"column":20}}]},"13":{"line":83,"type":"binary-expr","locations":[{"start":{"line":83,"column":24},"end":{"line":83,"column":42}},{"start":{"line":83,"column":46},"end":{"line":83,"column":76}}]},"14":{"line":96,"type":"if","locations":[{"start":{"line":96,"column":12},"end":{"line":96,"column":12}},{"start":{"line":96,"column":12},"end":{"line":96,"column":12}}]},"15":{"line":96,"type":"binary-expr","locations":[{"start":{"line":96,"column":16},"end":{"line":96,"column":33}},{"start":{"line":96,"column":37},"end":{"line":96,"column":55}}]},"16":{"line":108,"type":"if","locations":[{"start":{"line":108,"column":8},"end":{"line":108,"column":8}},{"start":{"line":108,"column":8},"end":{"line":108,"column":8}}]},"17":{"line":108,"type":"binary-expr","locations":[{"start":{"line":108,"column":12},"end":{"line":108,"column":42}},{"start":{"line":108,"column":46},"end":{"line":108,"column":62}}]},"18":{"line":115,"type":"if","locations":[{"start":{"line":115,"column":8},"end":{"line":115,"column":8}},{"start":{"line":115,"column":8},"end":{"line":115,"column":8}}]},"19":{"line":119,"type":"binary-expr","locations":[{"start":{"line":119,"column":46},"end":{"line":119,"column":70}},{"start":{"line":119,"column":74},"end":{"line":119,"column":91}}]},"20":{"line":129,"type":"cond-expr","locations":[{"start":{"line":129,"column":57},"end":{"line":129,"column":61}},{"start":{"line":129,"column":64},"end":{"line":129,"column":69}}]},"21":{"line":129,"type":"binary-expr","locations":[{"start":{"line":129,"column":21},"end":{"line":129,"column":35}},{"start":{"line":129,"column":39},"end":{"line":129,"column":53}}]}}}}