TN:
SF:/Users/smithun/Desktop/github/node-rules/index.js
FN:7,(anonymous_1)
FNF:1
FNH:1
FNDA:1,(anonymous_1)
DA:7,1
DA:10,1
LF:2
LH:2
BRF:0
BRH:0
end_of_record
TN:
SF:/Users/smithun/Desktop/github/node-rules/lib/node-rules.js
FN:1,(anonymous_1)
FN:6,RuleEngine
FN:16,(anonymous_3)
FN:20,(anonymous_4)
FN:28,(anonymous_5)
FN:29,(anonymous_6)
FN:37,(anonymous_7)
FN:45,(anonymous_8)
FN:55,FnRuleLoop
FN:57,(anonymous_10)
FN:58,(anonymous_11)
FN:62,(anonymous_12)
FN:67,(anonymous_13)
FN:72,(anonymous_14)
FN:75,(anonymous_15)
FN:79,(anonymous_16)
FN:82,(anonymous_17)
FN:86,(anonymous_18)
FN:96,(anonymous_19)
FN:103,(anonymous_20)
FN:111,(anonymous_21)
FN:119,(anonymous_22)
FN:127,(anonymous_23)
FN:130,(anonymous_24)
FN:141,(anonymous_25)
FN:147,(anonymous_26)
FNF:26
FNH:24
FNDA:1,(anonymous_1)
FNDA:20,RuleEngine
FNDA:23,(anonymous_3)
FNDA:22,(anonymous_4)
FNDA:26,(anonymous_5)
FNDA:46,(anonymous_6)
FNDA:20,(anonymous_7)
FNDA:6,(anonymous_8)
FNDA:17,FnRuleLoop
FNDA:2,(anonymous_10)
FNDA:11,(anonymous_11)
FNDA:9,(anonymous_12)
FNDA:2,(anonymous_13)
FNDA:0,(anonymous_14)
FNDA:4,(anonymous_15)
FNDA:7,(anonymous_16)
FNDA:0,(anonymous_17)
FNDA:7,(anonymous_18)
FNDA:6,(anonymous_19)
FNDA:10,(anonymous_20)
FNDA:2,(anonymous_21)
FNDA:2,(anonymous_22)
FNDA:2,(anonymous_23)
FNDA:2,(anonymous_24)
FNDA:2,(anonymous_25)
FNDA:2,(anonymous_26)
DA:1,1
DA:3,1
DA:4,1
DA:6,1
DA:7,20
DA:8,20
DA:9,17
DA:11,20
DA:12,1
DA:14,20
DA:16,1
DA:17,23
DA:18,23
DA:20,1
DA:21,22
DA:22,16
DA:23,6
DA:24,6
DA:26,22
DA:28,1
DA:29,26
DA:30,46
DA:31,25
DA:33,46
DA:34,41
DA:37,26
DA:38,20
DA:39,13
DA:41,7
DA:45,1
DA:48,6
DA:49,6
DA:50,6
DA:51,6
DA:52,6
DA:53,6
DA:54,6
DA:55,6
DA:56,17
DA:57,2
DA:59,11
DA:60,9
DA:61,9
DA:62,9
DA:63,9
DA:64,9
DA:67,2
DA:68,2
DA:73,0
DA:76,4
DA:77,4
DA:80,7
DA:81,0
DA:82,0
DA:83,0
DA:86,7
DA:87,7
DA:92,17
DA:93,11
DA:94,11
DA:96,6
DA:97,6
DA:98,6
DA:103,1
DA:104,10
DA:105,1
DA:107,9
DA:108,9
DA:111,1
DA:112,2
DA:113,2
DA:114,2
DA:115,2
DA:117,2
DA:119,1
DA:120,2
DA:121,2
DA:122,2
DA:123,2
DA:125,2
DA:127,1
DA:128,2
DA:129,2
DA:130,2
DA:131,2
DA:132,2
DA:133,2
DA:135,0
DA:136,0
DA:137,0
DA:139,2
DA:141,1
DA:142,2
DA:143,2
DA:144,0
DA:146,2
DA:147,2
DA:148,2
DA:149,2
DA:150,2
DA:152,0
DA:153,0
DA:154,0
DA:156,2
DA:158,1
LF:105
LH:94
BRDA:8,1,0,17
BRDA:8,1,1,3
BRDA:11,2,0,1
BRDA:11,2,1,19
BRDA:21,3,0,16
BRDA:21,3,1,6
BRDA:23,4,0,6
BRDA:23,4,1,0
BRDA:23,5,0,6
BRDA:23,5,1,6
BRDA:30,6,0,25
BRDA:30,6,1,21
BRDA:33,7,0,41
BRDA:33,7,1,5
BRDA:38,8,0,13
BRDA:38,8,1,7
BRDA:38,9,0,20
BRDA:38,9,1,13
BRDA:59,10,0,9
BRDA:59,10,1,2
BRDA:61,11,0,9
BRDA:61,11,1,7
BRDA:61,11,2,5
BRDA:80,12,0,0
BRDA:80,12,1,7
BRDA:80,13,0,7
BRDA:80,13,1,6
BRDA:92,14,0,11
BRDA:92,14,1,6
BRDA:92,15,0,17
BRDA:92,15,1,15
BRDA:104,16,0,1
BRDA:104,16,1,9
BRDA:112,17,0,1
BRDA:112,17,1,1
BRDA:112,18,0,2
BRDA:112,18,1,2
BRDA:129,19,0,2
BRDA:129,19,1,0
BRDA:135,20,0,0
BRDA:135,20,1,0
BRDA:143,21,0,0
BRDA:143,21,1,2
BRDA:146,22,0,2
BRDA:146,22,1,0
BRDA:152,23,0,0
BRDA:152,23,1,0
BRDA:152,24,0,0
BRDA:152,24,1,0
BRF:49
BRH:38
end_of_record
