TN:
SF:/Users/smithun/Desktop/NodeRules/node-rules/index.js
FN:7,(anonymous_1)
FNF:1
FNH:1
FNDA:1,(anonymous_1)
DA:7,1
DA:10,1
LF:2
LH:2
BRF:0
BRH:0
end_of_record
TN:
SF:/Users/smithun/Desktop/NodeRules/node-rules/lib/node-rules.js
FN:1,(anonymous_1)
FN:8,RuleEngine
FN:18,(anonymous_3)
FN:22,(anonymous_4)
FN:30,(anonymous_5)
FN:31,(anonymous_6)
FN:39,(anonymous_7)
FN:47,(anonymous_8)
FN:58,FnRuleLoop
FN:60,(anonymous_10)
FN:61,(anonymous_11)
FN:65,(anonymous_12)
FN:70,(anonymous_13)
FN:75,(anonymous_14)
FN:78,(anonymous_15)
FN:82,(anonymous_16)
FN:85,(anonymous_17)
FN:89,(anonymous_18)
FN:100,(anonymous_19)
FN:107,(anonymous_20)
FN:114,(anonymous_21)
FN:121,(anonymous_22)
FN:122,(anonymous_23)
FN:128,(anonymous_24)
FN:136,(anonymous_25)
FNF:25
FNH:25
FNDA:1,(anonymous_1)
FNDA:20,RuleEngine
FNDA:21,(anonymous_3)
FNDA:21,(anonymous_4)
FNDA:25,(anonymous_5)
FNDA:49,(anonymous_6)
FNDA:24,(anonymous_7)
FNDA:9,(anonymous_8)
FNDA:30,FnRuleLoop
FNDA:2,(anonymous_10)
FNDA:21,(anonymous_11)
FNDA:13,(anonymous_12)
FNDA:8,(anonymous_13)
FNDA:1,(anonymous_14)
FNDA:7,(anonymous_15)
FNDA:14,(anonymous_16)
FNDA:1,(anonymous_17)
FNDA:13,(anonymous_18)
FNDA:9,(anonymous_19)
FNDA:44,(anonymous_20)
FNDA:11,(anonymous_21)
FNDA:23,(anonymous_22)
FNDA:23,(anonymous_23)
FNDA:2,(anonymous_24)
FNDA:2,(anonymous_25)
DA:1,1
DA:3,1
DA:5,1
DA:6,1
DA:8,1
DA:9,20
DA:10,20
DA:11,17
DA:13,20
DA:14,1
DA:16,20
DA:18,1
DA:19,21
DA:20,21
DA:22,1
DA:23,21
DA:24,14
DA:25,7
DA:26,7
DA:28,21
DA:30,1
DA:31,25
DA:32,49
DA:33,29
DA:35,49
DA:36,44
DA:39,25
DA:40,24
DA:41,16
DA:43,8
DA:47,1
DA:50,9
DA:51,9
DA:52,9
DA:53,9
DA:54,9
DA:55,9
DA:56,9
DA:57,9
DA:58,9
DA:59,30
DA:60,2
DA:62,21
DA:63,13
DA:64,13
DA:65,13
DA:66,13
DA:67,13
DA:70,8
DA:71,8
DA:76,1
DA:79,7
DA:80,7
DA:83,14
DA:84,1
DA:85,1
DA:86,1
DA:89,13
DA:90,13
DA:95,30
DA:96,30
DA:97,21
DA:98,21
DA:100,9
DA:101,9
DA:102,9
DA:107,1
DA:108,44
DA:109,21
DA:111,23
DA:114,1
DA:115,11
DA:116,1
DA:119,11
DA:121,10
DA:122,23
DA:123,23
DA:128,1
DA:129,2
DA:130,2
DA:131,2
DA:132,2
DA:134,2
DA:136,1
DA:137,2
DA:138,2
DA:139,2
DA:140,2
DA:142,2
DA:144,1
LF:90
LH:90
BRDA:10,1,0,17
BRDA:10,1,1,3
BRDA:13,2,0,1
BRDA:13,2,1,19
BRDA:23,3,0,14
BRDA:23,3,1,7
BRDA:25,4,0,7
BRDA:25,4,1,0
BRDA:25,5,0,7
BRDA:25,5,1,7
BRDA:32,6,0,29
BRDA:32,6,1,20
BRDA:35,7,0,44
BRDA:35,7,1,5
BRDA:40,8,0,16
BRDA:40,8,1,8
BRDA:40,9,0,24
BRDA:40,9,1,16
BRDA:62,10,0,13
BRDA:62,10,1,8
BRDA:64,11,0,13
BRDA:64,11,1,11
BRDA:64,11,2,6
BRDA:83,12,0,1
BRDA:83,12,1,13
BRDA:83,13,0,14
BRDA:83,13,1,13
BRDA:96,14,0,21
BRDA:96,14,1,9
BRDA:96,15,0,30
BRDA:96,15,1,28
BRDA:108,16,0,21
BRDA:108,16,1,23
BRDA:108,17,0,44
BRDA:108,17,1,44
BRDA:115,18,0,1
BRDA:115,18,1,10
BRDA:119,19,0,11
BRDA:119,19,1,1
BRDA:129,20,0,1
BRDA:129,20,1,1
BRDA:129,21,0,2
BRDA:129,21,1,2
BRF:43
BRH:42
end_of_record
